[    1.569244] NET: Registered PF_INET protocol family
[    1.569297] IP idents hash table entries: 16384 (order: 5, 131072 bytes, linear)
[    1.569707] tcp_listen_portaddr_hash hash table entries: 512 (order: 1, 8192 bytes, linear)
[    1.569712] Table-perturb hash table entries: 65536 (order: 6, 262144 bytes, linear)
[    1.569716] TCP established hash table entries: 8192 (order: 4, 65536 bytes, linear)
[    1.569734] TCP bind hash table entries: 8192 (order: 5, 131072 bytes, linear)
[    1.569749] TCP: Hash tables configured (established 8192 bind 8192)
[    1.569887] MPTCP token hash table entries: 1024 (order: 2, 24576 bytes, linear)
[    1.569898] UDP hash table entries: 512 (order: 2, 16384 bytes, linear)
[    1.569902] UDP-Lite hash table entries: 512 (order: 2, 16384 bytes, linear)
[    1.569961] NET: Registered PF_UNIX/PF_LOCAL protocol family
[    1.569966] NET: Registered PF_XDP protocol family
[    1.569974] pci_bus 0000:00: resource 4 [io  0x0000-0x0cf7 window]
[    1.569977] pci_bus 0000:00: resource 5 [io  0x0d00-0xffff window]
[    1.569978] pci_bus 0000:00: resource 6 [mem 0x000a0000-0x000bffff window]
[    1.569980] pci_bus 0000:00: resource 7 [mem 0xf0000000-0xfbffffff window]
[    1.570198] pci 0000:00:01.0: PIIX3: Enabling Passive Release
[    1.570287] pci 0000:00:00.0: Limiting direct PCI/PCI transfers
[    1.570823] PCI: CLS 0 bytes, default 64
[    1.570866] Trying to unpack rootfs image as initramfs...
[    1.574390] ACPI: bus type thunderbolt registered
[    1.574488] clocksource: tsc: mask: 0xffffffffffffffff max_cycles: 0x22983b44418, max_idle_ns: 440795259572 ns
[    1.575020] Initialise system trusted keyrings
[    1.575032] Key type blacklist registered
[    1.577405] workingset: timestamp_bits=36 max_order=18 bucket_order=0
[    1.579327] zbud: loaded
[    1.584089] integrity: Platform Keyring initialized
[    1.584091] integrity: Machine keyring initialized
[    1.643527] NET: Registered PF_ALG protocol family
[    1.643530] xor: automatically using best checksumming function   avx       
[    1.643533] Key type asymmetric registered
[    1.643533] Asymmetric key parser 'x509' registered
[    1.643534] Running certificate verification selftests
[    2.062818] Loaded X.509 cert 'Certificate verification self-testing key: f58703bb33ce1b73ee02eccdee5b8817518fe3db'
[    2.063471] Block layer SCSI generic (bsg) driver version 0.4 loaded (major 246)
[    2.063533] io scheduler mq-deadline registered
[    2.063535] io scheduler kyber registered
[    2.063576] io scheduler bfq registered
[    2.064936] atomic64_test: passed for x86-64 platform with CX8 and with SSE
[    2.065135] shpchp: Standard Hot Plug PCI Controller Driver version: 0.4
[    2.065281] input: Power Button as /devices/LNXSYSTM:00/LNXPWRBN:00/input/input0
[    2.065331] ACPI: button: Power Button [PWRF]
[    2.065367] input: Sleep Button as /devices/LNXSYSTM:00/LNXSLPBN:00/input/input1
[    2.065405] ACPI: button: Sleep Button [SLPF]
[    2.073924] xen:grant_table: Grant tables using version 1 layout
[    2.073952] Grant table initialized
[    2.074011] Cannot get hvm parameter CONSOLE_EVTCHN (18): -22!
[    2.074013] Serial: 8250/16550 driver, 4 ports, IRQ sharing enabled
[    2.074765] 00:06: ttyS0 at I/O 0x3f8 (irq = 4, base_baud = 115200) is a 16550A
[    2.075722] Non-volatile memory driver v1.3
[    2.075856] rdac: device handler registered
[    2.079408] hp_sw: device handler registered
[    2.079409] emc: device handler registered
[    2.080448] alua: device handler registered
[    2.080549] libphy: Fixed MDIO Bus: probed
[    2.080655] usbcore: registered new interface driver usbserial_generic
[    2.080659] usbserial: USB Serial support registered for generic
[    2.080697] i8042: PNP: PS/2 Controller [PNP0303:PS2K,PNP0f13:PS2M] at 0x60,0x64 irq 1,12
[    2.083781] serio: i8042 KBD port at 0x60,0x64 irq 1
[    2.083788] serio: i8042 AUX port at 0x60,0x64 irq 12
[    2.083877] mousedev: PS/2 mouse device common for all mice
[    2.085247] input: AT Translated Set 2 keyboard as /devices/platform/i8042/serio0/input/input2
[    2.088833] rtc_cmos 00:02: registered as rtc0
[    2.088863] rtc_cmos 00:02: setting system clock to 2023-12-06T11:12:45 UTC (1701861165)
[    2.088894] rtc_cmos 00:02: alarms up to one day, 114 bytes nvram, hpet irqs
[    2.088905] intel_pstate: CPU model not supported
[    2.088988] hid: raw HID events driver (C) Jiri Kosina
[    2.089026] usbcore: registered new interface driver usbhid
[    2.089027] usbhid: USB HID core driver
[    2.089045] drop_monitor: Initializing network drop monitor service
[    2.135391] Initializing XFRM netlink socket
[    2.135514] NET: Registered PF_INET6 protocol family
[    2.985435] input: ImExPS/2 Generic Explorer Mouse as /devices/platform/i8042/serio1/input/input4
[    3.086830] Freeing initrd memory: 72608K
[    3.171094] Segment Routing with IPv6
[    3.171139] NET: Registered PF_PACKET protocol family
[    3.184482] mpls_gso: MPLS GSO support
[    3.184700] resctrl: L3 allocation detected
[    3.184703] IPI shorthand broadcast: enabled
[    3.184708] AVX2 version of gcm_enc/dec engaged.
[    3.184731] AES CTR mode by8 optimization enabled
[    3.229244] sched_clock: Marking stable (2388339981, 840854268)->(4201265220, -972070971)
[    3.229341] registered taskstats version 1
[    3.229524] Loading compiled-in X.509 certificates
[    3.249942] Loaded X.509 cert 'Red Hat Enterprise Linux kernel signing key: 7abe215eec6907198cbaf2dcd53a124e600c6694'
[    3.250389] Loaded X.509 cert 'Red Hat Enterprise Linux Driver Update Program (key 3): bf57f3e87362bc7229d9f465321773dfd1f77a80'
[    3.250790] Loaded X.509 cert 'Red Hat Enterprise Linux kpatch signing key: 4d38fd864ebe18c5f0b72e3852e2014c3a676fc8'
[    3.251009] Loaded X.509 cert 'RH-IMA-CA: Red Hat IMA CA: fb31825dd0e073685b264e3038963673f753959a'
[    3.255581] zswap: loaded using pool lzo/zbud
[    3.258338] page_owner is disabled
[    3.258354] Key type big_key registered
[    3.270504] Key type encrypted registered
[    3.270511] ima: No TPM chip found, activating TPM-bypass!
[    3.270514] Loading compiled-in module X.509 certificates
[    3.270939] Loaded X.509 cert 'Red Hat Enterprise Linux kernel signing key: 7abe215eec6907198cbaf2dcd53a124e600c6694'
[    3.270942] ima: Allocated hash algorithm: sha256
[    3.270953] ima: No architecture policies found
[    3.270963] evm: Initialising EVM extended attributes:
[    3.270964] evm: security.selinux
[    3.270964] evm: security.SMACK64 (disabled)
[    3.270965] evm: security.SMACK64EXEC (disabled)
[    3.270966] evm: security.SMACK64TRANSMUTE (disabled)
[    3.270966] evm: security.SMACK64MMAP (disabled)
[    3.270967] evm: security.apparmor (disabled)
[    3.270968] evm: security.ima
[    3.270968] evm: security.capability
[    3.270969] evm: HMAC attrs: 0x1
[    3.759096] xenbus_probe_frontend: Device with no driver: device/vbd/768
[    3.759098] xenbus_probe_frontend: Device with no driver: device/vif/0
[    3.894651] Freeing unused decrypted memory: 2036K
[    3.903389] Freeing unused kernel image (initmem) memory: 3824K
[    3.913360] Write protecting the kernel read-only data: 28672k
[    3.913670] Freeing unused kernel image (rodata/data gap) memory: 848K
[    3.987596] x86/mm: Checked W+X mappings: passed, no W+X pages found.
[    3.987598] x86/mm: Checking user space page tables
[    4.094707] x86/mm: Checked W+X mappings: passed, no W+X pages found.
[    4.094728] Run /init as init process
[    4.117657] systemd[1]: systemd 252-18.el9 running in system mode (+PAM +AUDIT +SELINUX -APPARMOR +IMA +SMACK +SECCOMP +GCRYPT +GNUTLS +OPENSSL +ACL +BLKID +CURL +ELFUTILS -FIDO2 +IDN2 -IDN -IPTC +KMOD +LIBCRYPTSETUP +LIBFDISK +PCRE2 -PWQUALITY +P11KIT -QRENCODE +TPM2 +BZIP2 +LZ4 +XZ +ZLIB +ZSTD -BPF_FRAMEWORK +XKBCOMMON +UTMP +SYSVINIT default-hierarchy=unified)
[    4.117699] systemd[1]: Detected virtualization xen.
[    4.117703] systemd[1]: Detected architecture x86-64.
[    4.117705] systemd[1]: Running in initrd.
[    4.123111] systemd[1]: No hostname configured, using default hostname.
[    4.123182] systemd[1]: Hostname set to <localhost>.
[    4.123244] systemd[1]: Initializing machine ID from random generator.
[    4.306068] systemd[1]: Queued start job for default target Initrd Default Target.
[    4.306273] systemd[1]: Started Dispatch Password Requests to Console Directory Watch.
[    4.308369] systemd[1]: Reached target Local Encrypted Volumes.
[    4.326623] systemd[1]: Reached target Initrd /usr File System.
[    4.328792] systemd[1]: Reached target Local File Systems.
[    4.331031] systemd[1]: Reached target Path Units.
[    4.333152] systemd[1]: Reached target Slice Units.
[    4.334727] systemd[1]: Reached target Swaps.
[    4.336090] systemd[1]: Reached target Timer Units.
[    4.337653] systemd[1]: Listening on D-Bus System Message Bus Socket.
[    4.339216] systemd[1]: Listening on Journal Socket (/dev/log).
[    4.340821] systemd[1]: Listening on Journal Socket.
[    4.342338] systemd[1]: Listening on udev Control Socket.
[    4.343938] systemd[1]: Listening on udev Kernel Socket.
[    4.345493] systemd[1]: Reached target Socket Units.
[    4.361793] systemd[1]: Starting Create List of Static Device Nodes...
[    4.376211] systemd[1]: Starting Journal Service...
[    4.387164] systemd[1]: Starting Load Kernel Modules...
[    4.395513] systemd[1]: Starting Create System Users...
[    4.412549] systemd[1]: Starting Setup Virtual Console...
[    4.424130] systemd[1]: Finished Create List of Static Device Nodes.
[    4.862875] systemd[1]: Started Journal Service.
[    5.127245] device-mapper: core: CONFIG_IMA_DISABLE_HTABLE is disabled. Duplicate IMA measurements will not be recorded in the IMA log.
[    5.127268] device-mapper: uevent: version 1.0.3
[    5.139849] device-mapper: ioctl: 4.48.0-ioctl (2023-03-01) initialised: dm-devel@redhat.com
[    5.883142] Invalid max_queues (4), will use default max: 1.
[    5.913152] xen_netfront: Initialising Xen virtual ethernet driver
[    5.933219] blkfront: xvda: barrier or flush: disabled; persistent grants: disabled; indirect descriptors: enabled;
[    5.937742]  xvda: xvda1 xvda2 xvda3 xvda4
[    6.121436] scsi host0: ata_piix
[    6.127031] scsi host1: ata_piix
[    6.127072] ata1: PATA max MWDMA2 cmd 0x1f0 ctl 0x3f6 bmdma 0xc100 irq 14
[    6.127074] ata2: PATA max MWDMA2 cmd 0x170 ctl 0x376 bmdma 0xc108 irq 15
[    7.388076] SGI XFS with ACLs, security attributes, scrub, quota, no debug enabled
[    7.401816] XFS (xvda4): Mounting V5 Filesystem
[    7.440811] XFS (xvda4): Ending clean mount
[    7.843024] systemd-journald[236]: Received SIGTERM from PID 1 (systemd).
[    7.983745] audit: type=1404 audit(1701861171.394:2): enforcing=1 old_enforcing=0 auid=4294967295 ses=4294967295 enabled=1 old-enabled=1 lsm=selinux res=1
[    8.085206] SELinux:  policy capability network_peer_controls=1
[    8.085209] SELinux:  policy capability open_perms=1
[    8.085210] SELinux:  policy capability extended_socket_class=1
[    8.085210] SELinux:  policy capability always_check_network=0
[    8.085211] SELinux:  policy capability cgroup_seclabel=1
[    8.085211] SELinux:  policy capability nnp_nosuid_transition=1
[    8.085212] SELinux:  policy capability genfs_seclabel_symlinks=1
[    8.193827] audit: type=1403 audit(1701861171.604:3): auid=4294967295 ses=4294967295 lsm=selinux res=1
[    8.209347] systemd[1]: Successfully loaded SELinux policy in 225.685ms.
[    8.290814] systemd[1]: Relabelled /dev, /dev/shm, /run, /sys/fs/cgroup in 63.795ms.
[    8.303542] systemd[1]: systemd 252-18.el9 running in system mode (+PAM +AUDIT +SELINUX -APPARMOR +IMA +SMACK +SECCOMP +GCRYPT +GNUTLS +OPENSSL +ACL +BLKID +CURL +ELFUTILS -FIDO2 +IDN2 -IDN -IPTC +KMOD +LIBCRYPTSETUP +LIBFDISK +PCRE2 -PWQUALITY +P11KIT -QRENCODE +TPM2 +BZIP2 +LZ4 +XZ +ZLIB +ZSTD -BPF_FRAMEWORK +XKBCOMMON +UTMP +SYSVINIT default-hierarchy=unified)
[    8.303577] systemd[1]: Detected virtualization xen.
[    8.303582] systemd[1]: Detected architecture x86-64.
[    8.356778] systemd[1]: Initializing machine ID from random generator.
[    8.356834] systemd[1]: Installed transient /etc/machine-id file.
[    8.545187] systemd-sysv-generator[503]: SysV service '/etc/rc.d/init.d/choose_repo' lacks a native systemd unit file. Automatically generating a unit file for compatibility. Please update package to include a native systemd unit file, in order to make it more safe and robust.
[    8.545240] systemd-sysv-generator[503]: SysV service '/etc/rc.d/init.d/rh-cloud-firstboot' lacks a native systemd unit file. Automatically generating a unit file for compatibility. Please update package to include a native systemd unit file, in order to make it more safe and robust.
[    8.657917] systemd-rc-local-generator[500]: /etc/rc.d/rc.local is not marked executable, skipping.
[    8.902248] systemd[1]: /usr/lib/systemd/system/insights-register.service:23: Unit uses MemoryLimit=; please use MemoryMax= instead. Support for MemoryLimit= will be removed soon.
[    9.047250] systemd[1]: initrd-switch-root.service: Deactivated successfully.
[    9.053553] systemd[1]: Stopped Switch Root.
[    9.061183] systemd[1]: systemd-journald.service: Scheduled restart job, restart counter is at 1.
[    9.063484] systemd[1]: Created slice Slice /system/getty.
[    9.073943] systemd[1]: Created slice Slice /system/modprobe.
[    9.078154] systemd[1]: Created slice Slice /system/serial-getty.
[    9.081032] systemd[1]: Created slice Slice /system/sshd-keygen.
[    9.089792] systemd[1]: Created slice Slice /system/systemd-fsck.
[    9.097780] systemd[1]: Created slice User and Session Slice.
[    9.100219] systemd[1]: Started Dispatch Password Requests to Console Directory Watch.
[    9.102708] systemd[1]: Started Forward Password Requests to Wall Directory Watch.
[    9.113835] systemd[1]: Set up automount Arbitrary Executable File Formats File System Automount Point.
[    9.115970] systemd[1]: Reached target Local Encrypted Volumes.
[    9.117899] systemd[1]: Stopped target Switch Root.
[    9.119754] systemd[1]: Stopped target Initrd File Systems.
[    9.121695] systemd[1]: Stopped target Initrd Root File System.
[    9.123565] systemd[1]: Reached target Local Integrity Protected Volumes.
[    9.125668] systemd[1]: Reached target Remote File Systems.
[    9.127948] systemd[1]: Reached target Slice Units.
[    9.130091] systemd[1]: Reached target Swaps.
[    9.132067] systemd[1]: Reached target Local Verity Protected Volumes.
[    9.317799] systemd[1]: Listening on Process Core Dump Socket.
[    9.320101] systemd[1]: Listening on initctl Compatibility Named Pipe.
[    9.332829] systemd[1]: Listening on udev Control Socket.
[    9.335145] systemd[1]: Listening on udev Kernel Socket.
[    9.343022] systemd[1]: Mounting Huge Pages File System...
[    9.359249] systemd[1]: Mounting POSIX Message Queue File System...
[    9.373713] systemd[1]: Mounting Kernel Debug File System...
[    9.384956] systemd[1]: Mounting Kernel Trace File System...
[    9.396180] systemd[1]: Starting Create List of Static Device Nodes...
[    9.411237] systemd[1]: Load legacy module configuration was skipped because no trigger condition checks were met.
[    9.417784] systemd[1]: Starting Load Kernel Module configfs...
[    9.427166] systemd[1]: Starting Load Kernel Module drm...
[    9.443019] systemd[1]: Starting Load Kernel Module fuse...
[    9.453087] systemd[1]: Starting Read and set NIS domainname from /etc/sysconfig/network...
[    9.456745] systemd[1]: systemd-fsck-root.service: Deactivated successfully.
[    9.456814] systemd[1]: Stopped File System Check on Root Device.
[    9.461668] systemd[1]: Stopped Journal Service.
[    9.490299] systemd[1]: Starting Journal Service...
[    9.497793] systemd[1]: Starting Load Kernel Modules...
[    9.514824] systemd[1]: Starting Generate network units from Kernel command line...
[    9.525970] systemd[1]: Starting Remount Root and Kernel File Systems...
[    9.527946] systemd[1]: Repartition Root Disk was skipped because no trigger condition checks were met.
[    9.530166] systemd[1]: Starting Coldplug All udev Devices...
[    9.574167] systemd[1]: Mounted Huge Pages File System.
[    9.581562] systemd[1]: Mounted POSIX Message Queue File System.
[    9.586088] systemd[1]: Mounted Kernel Debug File System.
[    9.612128] systemd[1]: Mounted Kernel Trace File System.
[    9.614266] systemd[1]: Finished Create List of Static Device Nodes.
[    9.626992] systemd[1]: modprobe@configfs.service: Deactivated successfully.
[    9.628343] systemd[1]: Finished Load Kernel Module configfs.
[    9.631009] systemd[1]: Finished Read and set NIS domainname from /etc/sysconfig/network.
[    9.646144] systemd[1]: Mounting Kernel Configuration File System...
[    9.661202] systemd[1]: Mounted Kernel Configuration File System.
[    9.738095] systemd[1]: Finished Generate network units from Kernel command line.
[    9.790021] systemd[1]: Finished Load Kernel Modules.
[    9.792356] systemd[1]: Finished Remount Root and Kernel File Systems.
[    9.800287] systemd[1]: First Boot Wizard was skipped because of an unmet condition check (ConditionFirstBoot=yes).
[    9.808536] systemd[1]: Starting Rebuild Hardware Database...
[    9.816511] systemd[1]: Starting Load/Save Random Seed...
[    9.828143] systemd[1]: Starting Apply Kernel Variables...
[    9.843776] systemd[1]: Starting Create System Users...
[    9.887338] systemd[1]: Finished Load/Save Random Seed.
[    9.921255] systemd[1]: First Boot Complete was skipped because of an unmet condition check (ConditionFirstBoot=yes).
[    9.935295] systemd[1]: Started Journal Service.
[   10.114518] systemd-journald[531]: Received client request to flush runtime journal.
[   10.477696] fuse: init (API version 7.36)
[   10.667537] ACPI: bus type drm_connector registered
[   18.555561] XFS (xvda3): Mounting V5 Filesystem
[   19.274814] XFS (xvda3): Ending clean mount
[   22.396809] input: PC Speaker as /devices/platform/pcspkr/input/input5
[   23.434388] piix4_smbus 0000:00:01.3: SMBus base address uninitialized - upgrade BIOS or use force_addr=0xaddr
[   25.131272] cirrus 0000:00:02.0: vgaarb: deactivate vga console
[   25.134533] Console: switching to colour dummy device 80x25
[   25.313902] [drm] Initialized cirrus 2.0.0 2019 for 0000:00:02.0 on minor 0
[   25.347443] fbcon: cirrusdrmfb (fb0) is primary device
[   25.350692] cirrus 0000:00:02.0: [drm] drm_plane_enable_fb_damage_clips() not called
[   25.408037] RAPL PMU: API unit is 2^-32 Joules, 0 fixed counters, 655360 ms ovfl timer
[   25.612286] Console: switching to colour frame buffer device 128x48
[   25.647253] cirrus 0000:00:02.0: [drm] fb0: cirrusdrmfb frame buffer device

Red Hat Enterprise Linux 9.3 (Plow)
Kernel 5.14.0-362.8.1.el9_3.x86_64 on an x86_64

ip-172-31-42-102 login: [  108.351420] block xvda: the capability attribute has been deprecated.
[ 8395.477871] systemd-journald[531]: Data hash table of /run/log/journal/4df0d3665ba9494fb543f726af2330ad/system.journal has a fill level at 75.0 (2576 of 3434 items, 1978368 file size, 768 bytes per hash table item), suggesting rotation.
[ 8395.477876] systemd-journald[531]: /run/log/journal/4df0d3665ba9494fb543f726af2330ad/system.journal: Journal header limits reached or header out-of-date, rotating.
[ 8395.572165] audit: type=1305 audit(1701869558.677:271): op=set audit_pid=0 old=603 auid=4294967295 ses=4294967295 subj=system_u:system_r:auditd_t:s0 res=1
[ 8395.573915] audit: type=1131 audit(1701869558.678:272): pid=1 uid=0 auid=4294967295 ses=4294967295 subj=system_u:system_r:init_t:s0 msg='unit=auditd comm="systemd" exe="/usr/lib/systemd/systemd" hostname=? addr=? terminal=? res=success'
[ 8395.576533] audit: type=1131 audit(1701869558.682:273): pid=1 uid=0 auid=4294967295 ses=4294967295 subj=system_u:system_r:init_t:s0 msg='unit=systemd-tmpfiles-setup comm="systemd" exe="/usr/lib/systemd/systemd" hostname=? addr=? terminal=? res=success'
[ 8395.579608] audit: type=1131 audit(1701869558.685:274): pid=1 uid=0 auid=4294967295 ses=4294967295 subj=system_u:system_r:init_t:s0 msg='unit=import-state comm="systemd" exe="/usr/lib/systemd/systemd" hostname=? addr=? terminal=? res=success'
[ 8395.655655] XFS (xvda3): Unmounting Filesystem
[ 8395.656073] audit: type=1131 audit(1701869558.761:275): pid=1 uid=0 auid=4294967295 ses=4294967295 subj=system_u:system_r:init_t:s0 msg='unit=systemd-fsck@dev-disk-by\x2duuid-7B77\x2d95E7 comm="systemd" exe="/usr/lib/systemd/systemd" hostname=? addr=? terminal=? res=success'
[ 8395.669970] audit: type=1131 audit(1701869558.775:276): pid=1 uid=0 auid=4294967295 ses=4294967295 subj=system_u:system_r:init_t:s0 msg='unit=systemd-tmpfiles-setup-dev comm="systemd" exe="/usr/lib/systemd/systemd" hostname=? addr=? terminal=? res=success'
[ 8395.675103] audit: type=1131 audit(1701869558.780:277): pid=1 uid=0 auid=4294967295 ses=4294967295 subj=system_u:system_r:init_t:s0 msg='unit=systemd-sysusers comm="systemd" exe="/usr/lib/systemd/systemd" hostname=? addr=? terminal=? res=success'
[ 8395.677899] audit: type=1131 audit(1701869558.783:278): pid=1 uid=0 auid=4294967295 ses=4294967295 subj=system_u:system_r:init_t:s0 msg='unit=systemd-remount-fs comm="systemd" exe="/usr/lib/systemd/systemd" hostname=? addr=? terminal=? res=success'
[ 8395.683045] audit: type=1130 audit(1701869558.788:279): pid=1 uid=0 auid=4294967295 ses=4294967295 subj=system_u:system_r:init_t:s0 msg='unit=systemd-poweroff comm="systemd" exe="/usr/lib/systemd/systemd" hostname=? addr=? terminal=? res=success'
[ 8395.684825] audit: type=1131 audit(1701869558.790:280): pid=1 uid=0 auid=4294967295 ses=4294967295 subj=system_u:system_r:init_t:s0 msg='unit=systemd-poweroff comm="systemd" exe="/usr/lib/systemd/systemd" hostname=? addr=? terminal=? res=success'
[ 8395.832636] systemd-shutdown[1]: Syncing filesystems and block devices.
[ 8395.834725] systemd-shutdown[1]: Sending SIGTERM to remaining processes...
[ 8395.842529] systemd-journald[531]: Received SIGTERM from PID 1 (systemd-shutdow).
[ 8395.849514] systemd-shutdown[1]: Sending SIGKILL to remaining processes...
[ 8395.850939] systemd-shutdown[1]: Unmounting file systems.
[ 8395.852958] [4421]: Remounting '/' read-only with options 'seclabel,attr2,inode64,logbufs=8,logbsize=32k,noquota'.
[ 8395.876726] systemd-shutdown[1]: All filesystems unmounted.
[ 8395.876730] systemd-shutdown[1]: Deactivating swaps.
[ 8395.876761] systemd-shutdown[1]: All swaps deactivated.
[ 8395.876763] systemd-shutdown[1]: Detaching loop devices.
[ 8395.876844] systemd-shutdown[1]: All loop devices detached.
[ 8395.876847] systemd-shutdown[1]: Stopping MD devices.
[ 8395.876884] systemd-shutdown[1]: All MD devices stopped.
[ 8395.876886] systemd-shutdown[1]: Detaching DM devices.
[ 8395.876920] systemd-shutdown[1]: All DM devices detached.
[ 8395.876924] systemd-shutdown[1]: All filesystems, swaps, loop devices, MD devices and DM devices detached.
[ 8395.907605] systemd-shutdown[1]: Syncing filesystems and block devices.
[ 8395.907830] systemd-shutdown[1]: Powering off.
[ 8396.062192] ACPI: PM: Preparing to enter system sleep state S5
[ 8396.066655] reboot: Power down
